\BOOKMARK [0][-]{chapter.1}{The integer case}{}% 1
\BOOKMARK [1][-]{section.1.1}{Parking Functions}{chapter.1}% 2
\BOOKMARK [2][-]{subsection.1.1.1}{Primitive parking functions}{section.1.1}% 3
\BOOKMARK [1][-]{section.1.2}{Non-crossing Partitions}{chapter.1}% 4
\BOOKMARK [2][-]{subsection.1.2.1}{The non-crossing partitions poset}{section.1.2}% 5
\BOOKMARK [2][-]{subsection.1.2.2}{Kreweras complement}{section.1.2}% 6
\BOOKMARK [2][-]{subsection.1.2.3}{Action of Sn on partitions of [n]}{section.1.2}% 7
\BOOKMARK [1][-]{section.1.3}{Non-crossing 2-partitions}{chapter.1}% 8
\BOOKMARK [2][-]{subsection.1.3.1}{The non-crossing 2-partitions poset}{section.1.3}% 9
\BOOKMARK [2][-]{subsection.1.3.2}{The parking functions poset}{section.1.3}% 10
\BOOKMARK [1][-]{section.1.4}{A direct poset linked to Dyck paths}{chapter.1}% 11
\BOOKMARK [2][-]{subsection.1.4.1}{Dyck Paths}{section.1.4}% 12
\BOOKMARK [2][-]{subsection.1.4.2}{Labeled Dyck Paths}{section.1.4}% 13
\BOOKMARK [2][-]{subsection.1.4.3}{Dyck - Parking Posets}{section.1.4}% 14
\BOOKMARK [0][-]{chapter.2}{The rational case}{}% 15
\BOOKMARK [1][-]{section.2.1}{Rational Parking Functions}{chapter.2}% 16
\BOOKMARK [2][-]{subsection.2.1.1}{Rational primitive parking functions}{section.2.1}% 17
\BOOKMARK [1][-]{section.2.2}{Rational Non-crossing Partitions}{chapter.2}% 18
\BOOKMARK [1][-]{section.2.3}{A direct poset linked to Rational Dyck paths}{chapter.2}% 19
\BOOKMARK [2][-]{subsection.2.3.1}{Rational Dyck Paths}{section.2.3}% 20
\BOOKMARK [2][-]{subsection.2.3.2}{Rational Labeled Dyck Paths}{section.2.3}% 21
\BOOKMARK [2][-]{subsection.2.3.3}{Rational Dyck - Parking Posets}{section.2.3}% 22
\BOOKMARK [0][-]{chapter.3}{Trees}{}% 23
\BOOKMARK [1][-]{section.3.1}{Parking Trees}{chapter.3}% 24
\BOOKMARK [1][-]{section.3.2}{Rational Parking Trees}{chapter.3}% 25
